# JRE version: Java(TM) SE Runtime Environment (8.0_181-b13) (build 1.8.0_181-b13)
# Java VM: Java HotSpot(TM) 64-Bit Server VM (25.181-b13 mixed mode windows-amd64 compressed oops)
Heap:
 PSYoungGen      total 241152K, used 36654K [0x000000076b100000, 0x000000077f700000, 0x00000007c0000000)
  eden space 220672K, 7% used [0x000000076b100000,0x000000076c0e0550,0x0000000778880000)
  from space 20480K, 99% used [0x000000077e300000,0x000000077f6f9e78,0x000000077f700000)
  to   space 16384K, 0% used [0x0000000778880000,0x0000000778880000,0x0000000779880000)
 ParOldGen       total 151552K, used 24931K [0x00000006c1200000, 0x00000006ca600000, 0x000000076b100000)
  object space 151552K, 16% used [0x00000006c1200000,0x00000006c2a58db0,0x00000006ca600000)
 Metaspace       used 55459K, capacity 55874K, committed 56320K, reserved 1097728K
  class space    used 7807K, capacity 7927K, committed 7936K, reserved 1048576K
GC Heap History (10 events):
Event: 2.594 GC heap before
{Heap before GC invocations=8 (full 2):
 PSYoungGen      total 154624K, used 9537K [0x000000076b100000, 0x0000000779900000, 0x00000007c0000000)
  eden space 139776K, 0% used [0x000000076b100000,0x000000076b100000,0x0000000773980000)
  from space 14848K, 64% used [0x0000000774780000,0x00000007750d0410,0x0000000775600000)
  to   space 14336K, 0% used [0x0000000773980000,0x0000000773980000,0x0000000774780000)
 ParOldGen       total 108032K, used 11777K [0x00000006c1200000, 0x00000006c7b80000, 0x000000076b100000)
  object space 108032K, 10% used [0x00000006c1200000,0x00000006c1d80580,0x00000006c7b80000)
 Metaspace       used 34850K, capacity 35170K, committed 35496K, reserved 1079296K
  class space    used 4927K, capacity 5045K, committed 5120K, reserved 1048576K
Event: 2.617 GC heap after
Heap after GC invocations=8 (full 2):
 PSYoungGen      total 154624K, used 0K [0x000000076b100000, 0x0000000779900000, 0x00000007c0000000)
  eden space 139776K, 0% used [0x000000076b100000,0x000000076b100000,0x0000000773980000)
  from space 14848K, 0% used [0x0000000774780000,0x0000000774780000,0x0000000775600000)
  to   space 14336K, 0% used [0x0000000773980000,0x0000000773980000,0x0000000774780000)
 ParOldGen       total 151552K, used 13659K [0x00000006c1200000, 0x00000006ca600000, 0x000000076b100000)
  object space 151552K, 9% used [0x00000006c1200000,0x00000006c1f56ee0,0x00000006ca600000)
 Metaspace       used 34850K, capacity 35170K, committed 35496K, reserved 1079296K
  class space    used 4927K, capacity 5045K, committed 5120K, reserved 1048576K
}
Event: 3.066 GC heap before
{Heap before GC invocations=9 (full 2):
 PSYoungGen      total 154624K, used 139776K [0x000000076b100000, 0x0000000779900000, 0x00000007c0000000)
  eden space 139776K, 100% used [0x000000076b100000,0x0000000773980000,0x0000000773980000)
  from space 14848K, 0% used [0x0000000774780000,0x0000000774780000,0x0000000775600000)
  to   space 14336K, 0% used [0x0000000773980000,0x0000000773980000,0x0000000774780000)
 ParOldGen       total 151552K, used 13659K [0x00000006c1200000, 0x00000006ca600000, 0x000000076b100000)
  object space 151552K, 9% used [0x00000006c1200000,0x00000006c1f56ee0,0x00000006ca600000)
 Metaspace       used 42511K, capacity 42882K, committed 43264K, reserved 1087488K
  class space    used 5973K, capacity 6101K, committed 6144K, reserved 1048576K
Event: 3.074 GC heap after
Heap after GC invocations=9 (full 2):
 PSYoungGen      total 154112K, used 12894K [0x000000076b100000, 0x000000077aa80000, 0x00000007c0000000)
  eden space 139776K, 0% used [0x000000076b100000,0x000000076b100000,0x0000000773980000)
  from space 14336K, 89% used [0x0000000773980000,0x0000000774617bf0,0x0000000774780000)
  to   space 15360K, 0% used [0x0000000779b80000,0x0000000779b80000,0x000000077aa80000)
 ParOldGen       total 151552K, used 13667K [0x00000006c1200000, 0x00000006ca600000, 0x000000076b100000)
  object space 151552K, 9% used [0x00000006c1200000,0x00000006c1f58ee0,0x00000006ca600000)
 Metaspace       used 42511K, capacity 42882K, committed 43264K, reserved 1087488K
  class space    used 5973K, capacity 6101K, committed 6144K, reserved 1048576K
}
Event: 3.771 GC heap before
{Heap before GC invocations=10 (full 2):
 PSYoungGen      total 154112K, used 152670K [0x000000076b100000, 0x000000077aa80000, 0x00000007c0000000)
  eden space 139776K, 100% used [0x000000076b100000,0x0000000773980000,0x0000000773980000)
  from space 14336K, 89% used [0x0000000773980000,0x0000000774617bf0,0x0000000774780000)
  to   space 15360K, 0% used [0x0000000779b80000,0x0000000779b80000,0x000000077aa80000)
 ParOldGen       total 151552K, used 13667K [0x00000006c1200000, 0x00000006ca600000, 0x000000076b100000)
  object space 151552K, 9% used [0x00000006c1200000,0x00000006c1f58ee0,0x00000006ca600000)
 Metaspace       used 47004K, capacity 47412K, committed 47744K, reserved 1089536K
  class space    used 6617K, capacity 6736K, committed 6784K, reserved 1048576K
Event: 3.777 GC heap after
Heap after GC invocations=10 (full 2):
 PSYoungGen      total 231936K, used 12820K [0x000000076b100000, 0x000000077a880000, 0x00000007c0000000)
  eden space 218624K, 0% used [0x000000076b100000,0x000000076b100000,0x0000000778680000)
  from space 13312K, 96% used [0x0000000779b80000,0x000000077a805328,0x000000077a880000)
  to   space 16384K, 0% used [0x0000000778880000,0x0000000778880000,0x0000000779880000)
 ParOldGen       total 151552K, used 13675K [0x00000006c1200000, 0x00000006ca600000, 0x000000076b100000)
  object space 151552K, 9% used [0x00000006c1200000,0x00000006c1f5aee0,0x00000006ca600000)
 Metaspace       used 47004K, capacity 47412K, committed 47744K, reserved 1089536K
  class space    used 6617K, capacity 6736K, committed 6784K, reserved 1048576K
}
Event: 4.236 GC heap before
{Heap before GC invocations=11 (full 2):
 PSYoungGen      total 231936K, used 231444K [0x000000076b100000, 0x000000077a880000, 0x00000007c0000000)
  eden space 218624K, 100% used [0x000000076b100000,0x0000000778680000,0x0000000778680000)
  from space 13312K, 96% used [0x0000000779b80000,0x000000077a805328,0x000000077a880000)
  to   space 16384K, 0% used [0x0000000778880000,0x0000000778880000,0x0000000779880000)
 ParOldGen       total 151552K, used 13675K [0x00000006c1200000, 0x00000006ca600000, 0x000000076b100000)
  object space 151552K, 9% used [0x00000006c1200000,0x00000006c1f5aee0,0x00000006ca600000)
 Metaspace       used 51792K, capacity 52204K, committed 52736K, reserved 1095680K
  class space    used 7294K, capacity 7412K, committed 7424K, reserved 1048576K
Event: 4.245 GC heap after
Heap after GC invocations=11 (full 2):
 PSYoungGen      total 237056K, used 16383K [0x000000076b100000, 0x000000077f700000, 0x00000007c0000000)
  eden space 220672K, 0% used [0x000000076b100000,0x000000076b100000,0x0000000778880000)
  from space 16384K, 99% used [0x0000000778880000,0x000000077987fc28,0x0000000779880000)
  to   space 20480K, 0% used [0x000000077e300000,0x000000077e300000,0x000000077f700000)
 ParOldGen       total 151552K, used 18372K [0x00000006c1200000, 0x00000006ca600000, 0x000000076b100000)
  object space 151552K, 12% used [0x00000006c1200000,0x00000006c23f1270,0x00000006ca600000)
 Metaspace       used 51792K, capacity 52204K, committed 52736K, reserved 1095680K
  class space    used 7294K, capacity 7412K, committed 7424K, reserved 1048576K
}
Event: 4.781 GC heap before
{Heap before GC invocations=12 (full 2):
 PSYoungGen      total 237056K, used 237055K [0x000000076b100000, 0x000000077f700000, 0x00000007c0000000)
  eden space 220672K, 100% used [0x000000076b100000,0x0000000778880000,0x0000000778880000)
  from space 16384K, 99% used [0x0000000778880000,0x000000077987fc28,0x0000000779880000)
  to   space 20480K, 0% used [0x000000077e300000,0x000000077e300000,0x000000077f700000)
 ParOldGen       total 151552K, used 18372K [0x00000006c1200000, 0x00000006ca600000, 0x000000076b100000)
  object space 151552K, 12% used [0x00000006c1200000,0x00000006c23f1270,0x00000006ca600000)
 Metaspace       used 53816K, capacity 54242K, committed 54912K, reserved 1095680K
  class space    used 7566K, capacity 7703K, committed 7808K, reserved 1048576K
Event: 4.791 GC heap after
Heap after GC invocations=12 (full 2):
 PSYoungGen      total 241152K, used 20455K [0x000000076b100000, 0x000000077f700000, 0x00000007c0000000)
  eden space 220672K, 0% used [0x000000076b100000,0x000000076b100000,0x0000000778880000)
  from space 20480K, 99% used [0x000000077e300000,0x000000077f6f9e78,0x000000077f700000)
  to   space 16384K, 0% used [0x0000000778880000,0x0000000778880000,0x0000000779880000)
 ParOldGen       total 151552K, used 24931K [0x00000006c1200000, 0x00000006ca600000, 0x000000076b100000)
  object space 151552K, 16% used [0x00000006c1200000,0x00000006c2a58db0,0x00000006ca600000)
 Metaspace       used 53816K, capacity 54242K, committed 54912K, reserved 1095680K
  class space    used 7566K, capacity 7703K, committed 7808K, reserved 1048576K
}

